<?xml version="1.0" encoding="UTF-8"?>
<robot generator="Robot 7.1.1 (Python 3.12.7 on win32)" generated="2024-11-10T22:57:16.902317" rpa="false" schemaversion="5">
<suite id="s1" name="TC1" source="C:\Users\Daniel\Desktop\Scripts\pythonProject\TestCases\TC1.robot">
<test id="s1-t1" name="Google Test" line="17">
<kw name="GET" owner="RequestsLibrary">
<msg time="2024-11-10T22:57:17.625600" level="INFO">GET Request : url=https://www.google.com/?query-ciao 
 path_url=/?query-ciao 
 headers={'User-Agent': 'python-requests/2.32.3', 'Accept-Encoding': 'gzip, deflate', 'Accept': '*/*', 'Connection': 'keep-alive'} 
 body=None 
 </msg>
<msg time="2024-11-10T22:57:17.626602" level="INFO">GET Response : url=https://www.google.com/?query-ciao 
 status=200, reason=OK 
 headers={'Date': 'Mon, 11 Nov 2024 04:57:25 GMT', 'Expires': '-1', 'Cache-Control': 'private, max-age=0', 'Content-Type': 'text/html; charset=ISO-8859-1', 'Content-Security-Policy-Report-Only': "object-src 'none';base-uri 'self';script-src 'nonce-94AQyPNjWaTT0FXTcB_eKQ' 'strict-dynamic' 'report-sample' 'unsafe-eval' 'unsafe-inline' https: http:;report-uri https://csp.withgoogle.com/csp/gws/other-hp", 'Accept-CH': 'Sec-CH-Prefers-Color-Scheme', 'P3P': 'CP="This is not a P3P policy! See g.co/p3phelp for more info."', 'Content-Encoding': 'gzip', 'Server': 'gws', 'X-XSS-Protection': '0', 'X-Frame-Options': 'SAMEORIGIN', 'Set-Cookie': 'AEC=AZ6Zc-Wb_Z3BcTHbRUh__H8Q8inSQ4k0ou87tMdlBLTcUVNA8aFxNtMmfg; expires=Sat, 10-May-2025 04:57:25 GMT; path=/; domain=.google.com; Secure; HttpOnly; SameSite=lax, NID=519=Z1JVpiAIYIezCiNPYHTGlQHhKYQpi37Un0Vd8g15Pv-6OT3JsOXjO4LZrt0R0g3aJtjn8gQzJw5j1hmdPH2L263BZmgJMAZW3l2U1-IDt5bgUWrAOIr4HWwQMTH2VwdcWaz4cqiArsQlAGwW3t1AetGcG-oA4ydWCU6MM9c8WAj4ge8uEAg8Bvfxr7JB2GbRigwn; expires=Tue, 13-May-2025 04:57:25 GMT; path=/; domain=.google.com; HttpOnly', 'Alt-Svc': 'h3=":443"; ma=2592000,h3-29=":443"; ma=2592000', 'Transfer-Encoding': 'chunked'} 
 body=&lt;!doctype html&gt;&lt;html itemscope="" itemtype="http://schema.org/WebPage" lang="es-419"&gt;&lt;head&gt;&lt;meta content="text/html; charset=UTF-8" http-equiv="Content-Type"&gt;&lt;meta content="/images/branding/googleg/1x/googleg_standard_color_128dp.png" itemprop="image"&gt;&lt;title&gt;Google&lt;/title&gt;&lt;script nonce="94AQyPNjWaTT0FXTcB_eKQ"&gt;(function(){var _g={kEI:'tY4xZ6r2IZyOwbkPzP-6oQM',kEXPI:'0,3700260,1124,538661,2872,2891,8348,34680,30022,350740,2006,8155,8860,14490,22436,9779,62657,76209,15816,1804,47082,1634,13493,15784,5240781,8832510,1488,38,226,16,19,7,5,13,1,6,1,6,1,6,27979200,16673,2169858,23029351,12799,78017,22464,11643,98,10881,15165,8181,17877,31553,9235,694,11742,6753,2639,21239,7034,2105,4600,328,4459,1766,6754,16639,1,6,4590,5634,686,7852,24,12004,19,9246,710,1341,13707,15635,12129,462,1786,1526,1908,12565,797,378,11521,4971,10669,4142,414,2,5785,558,95,1793,597,91,1711,1033,281,2000,3,2,2548,286,2943,3359,2039,41,2950,339,2,2310,534,1686,4061,1280,477,1,4358,480,122,2501,4,641,1,33,2706,88,213,267,1,199,987,397,49,1,38,6105,366,2,2371,1050,930,5760,483,864,9,2372,2551,354,374,387,857,1103,266,515,380,3,7,147,1536,38,557,1643,61,1754,1368,7,480,85,882,559,125,2631,2,595,30,269,2244,38,2,583,4,2,50,69,1956,2,369,1334,557,210,1044,642,3,383,543,113,19,2585,372,514,94,35,585,294,579,509,110,328,208,134,161,462,32,687,52,409,394,931,1271,5,4,4,4,350,142,191,493,333,785,813,462,120,285,44,62,2735,535,523,303,175,364,314,484,350,1207,3,916,85,506,477,41,1251,197,7,1477,11,372,1243,1068,112,152,442,3,644,1382,2,89,876,21406541,3,16997,18,218,2562,702,877,1734,36,5395',kBL:'OLV0',kOPI:89978449};(function(){var a;((a=window.google)==null?0:a.stvsc)?google.kEI=_g.kEI:window.google=_g;}).call(this);})();(function(){google.sn='webhp';google.kHL='es-419';})();(function(){
var h=this||self;function l(){return window.google!==void 0&amp;&amp;window.google.kOPI!==void 0&amp;&amp;window.google.kOPI!==0?window.google.kOPI:null};var m,n=[];function p(a){for(var b;a&amp;&amp;(!a.getAttribute||!(b=a.getAttribute("eid")));)a=a.parentNode;return b||m}function q(a){for(var b=null;a&amp;&amp;(!a.getAttribute||!(b=a.getAttribute("leid")));)a=a.parentNode;return b}function r(a){/^http:/i.test(a)&amp;&amp;window.location.protocol==="https:"&amp;&amp;(google.ml&amp;&amp;google.ml(Error("a"),!1,{src:a,glmm:1}),a="");return a}
function t(a,b,c,d,k){var e="";b.search("&amp;ei=")===-1&amp;&amp;(e="&amp;ei="+p(d),b.search("&amp;lei=")===-1&amp;&amp;(d=q(d))&amp;&amp;(e+="&amp;lei="+d));d="";var g=b.search("&amp;cshid=")===-1&amp;&amp;a!=="slh",f=[];f.push(["zx",Date.now().toString()]);h._cshid&amp;&amp;g&amp;&amp;f.push(["cshid",h._cshid]);c=c();c!=null&amp;&amp;f.push(["opi",c.toString()]);for(c=0;c&lt;f.length;c++){if(c===0||c&gt;0)d+="&amp;";d+=f[c][0]+"="+f[c][1]}return"/"+(k||"gen_204")+"?atyp=i&amp;ct="+String(a)+"&amp;cad="+(b+e+d)};m=google.kEI;google.getEI=p;google.getLEI=q;google.ml=function(){return null};google.log=function(a,b,c,d,k,e){e=e===void 0?l:e;c||(c=t(a,b,e,d,k));if(c=r(c)){a=new Image;var g=n.length;n[g]=a;a.onerror=a.onload=a.onabort=function(){delete n[g]};a.src=c}};google.logUrl=function(a,b){b=b===void 0?l:b;return t("",a,b)};}).call(this);(function(){google.y={};google.sy=[];var d;(d=google).x||(d.x=function(a,b){if(a)var c=a.id;else{do c=Math.random();while(google.y[c])}google.y[c]=[a,b];return!1});var e;(e=google).sx||(e.sx=function(a){google.sy.push(a)});google.lm=[];var f;(f=google).plm||(f.plm=function(a){google.lm.push.apply(google.lm,a)});google.lq=[];var g;(g=google).load||(g.load=function(a,b,c){google.lq.push([[a],b,c])});var h;(h=google).loadAll||(h.loadAll=function(a,b){google.lq.push([a,b])});google.bx=!1;var k;(k=google).lx||(k.lx=function(){});var l=[],m;(m=google).fce||(m.fce=function(a,b,c,n){l.push([a,b,c,n])});google.qce=l;}).call(this);google.f={};(function(){
document.documentElement.addEventListener("submit",function(b){var a;if(a=b.target){var c=a.getAttribute("data-submitfalse");a=c==="1"||c==="q"&amp;&amp;!a.elements.q.value?!0:!1}else a=!1;a&amp;&amp;(b.preventDefault(),b.stopPropagation())},!0);document.documentElement.addEventListener("click",function(b){var a;a:{for(a=b.target;a&amp;&amp;a!==document.documentElement;a=a.parentElement)if(a.tagName==="A"){a=a.getAttribute("data-nohref")==="1";break a}a=!1}a&amp;&amp;b.preventDefault()},!0);}).call(this);&lt;/script&gt;&lt;style&gt;#gbar,#guser{font-size:13px;padding-top:1px !important;}#gbar{height:22px}#guser{padding-bottom:7px !important;text-align:right}.gbh,.gbd{border-top:1px solid #c9d7f1;font-size:1px}.gbh{height:0;position:absolute;top:24px;width:100%}@media all{.gb1{height:22px;margin-right:.5em;vertical-align:top}#gbar{float:left}}a.gb1,a.gb4{text-decoration:underline !important}a.gb1,a.gb4{color:#00c !important}.gbi .gb4{color:#dd8e27 !important}.gbf .gb4{color:#900 !important}
&lt;/style&gt;&lt;style&gt;body,td,a,p,.h{font-family:arial,sans-serif}body{margin:0;overflow-y:scroll}#gog{padding:3px 8px 0}td{line-height:.8em}.gac_m td{line-height:17px}form{margin-bottom:20px}.h{color:#1967d2}em{font-weight:bold;font-style:normal}.lst{height:25px;width:496px}.gsfi,.lst{font:18px arial,sans-serif}.gsfs{font:17px arial,sans-serif}.ds{display:inline-box;display:inline-block;margin:3px 0 4px;margin-left:4px}input{font-family:inherit}body{background:#fff;color:#000}a{color:#681da8;text-decoration:none}a:hover,a:active{text-decoration:underline}.fl a{color:#1967d2}a:visited{color:#681da8}.sblc{padding-top:5px}.sblc a{display:block;margin:2px 0;margin-left:13px;font-size:11px}.lsbb{background:#f8f9fa;border:solid 1px;border-color:#dadce0 #70757a #70757a #dadce0;height:30px}.lsbb{display:block}#WqQANb a{display:inline-block;margin:0 12px}.lsb{background:url(/images/nav_logo229.png) 0 -261px repeat-x;color:#000;border:none;cursor:pointer;height:30px;margin:0;outline:0;font:15px arial,sans-serif;vertical-align:top}.lsb:active{background:#dadce0}.lst:focus{outline:none}&lt;/style&gt;&lt;script nonce="94AQyPNjWaTT0FXTcB_eKQ"&gt;(function(){window.google.erd={jsr:1,bv:2113,de:true,dpf:'51ieTwQk8tFmcEAjnt2wUI59_8UaeNFbK-eFFFrO6lg'};
var g=this||self;var k,l=(k=g.mei)!=null?k:1,n,p=(n=g.sdo)!=null?n:!0,q=0,r,t=google.erd,v=t.jsr;google.ml=function(a,b,d,m,e){e=e===void 0?2:e;b&amp;&amp;(r=a&amp;&amp;a.message);d===void 0&amp;&amp;(d={});d.cad="ple_"+google.ple+".aple_"+google.aple;if(google.dl)return google.dl(a,e,d,!0),null;b=d;if(v&lt;0){window.console&amp;&amp;console.error(a,b);if(v===-2)throw a;b=!1}else b=!a||!a.message||a.message==="Error loading script"||q&gt;=l&amp;&amp;!m?!1:!0;if(!b)return null;q++;d=d||{};b=encodeURIComponent;var c="/gen_204?atyp=i&amp;ei="+b(google.kEI);google.kEXPI&amp;&amp;(c+="&amp;jexpid="+b(google.kEXPI));c+="&amp;srcpg="+b(google.sn)+"&amp;jsr="+b(t.jsr)+
"&amp;bver="+b(t.bv);t.dpf&amp;&amp;(c+="&amp;dpf="+b(t.dpf));var f=a.lineNumber;f!==void 0&amp;&amp;(c+="&amp;line="+f);var h=a.fileName;h&amp;&amp;(h.indexOf("-extension:/")&gt;0&amp;&amp;(e=3),c+="&amp;script="+b(h),f&amp;&amp;h===window.location.href&amp;&amp;(f=document.documentElement.outerHTML.split("\n")[f],c+="&amp;cad="+b(f?f.substring(0,300):"No script found.")));google.ple&amp;&amp;google.ple===1&amp;&amp;(e=2);c+="&amp;jsel="+e;for(var u in d)c+="&amp;",c+=b(u),c+="=",c+=b(d[u]);c=c+"&amp;emsg="+b(a.name+": "+a.message);c=c+"&amp;jsst="+b(a.stack||"N/A");c.length&gt;=12288&amp;&amp;(c=c.substr(0,12288));a=c;m||google.log(0,"",a);return a};window.onerror=function(a,b,d,m,e){r!==a&amp;&amp;(a=e instanceof Error?e:Error(a),d===void 0||"lineNumber"in a||(a.lineNumber=d),b===void 0||"fileName"in a||(a.fileName=b),google.ml(a,!1,void 0,!1,a.name==="SyntaxError"||a.message.substring(0,11)==="SyntaxError"||a.message.indexOf("Script error")!==-1?3:0));r=null;p&amp;&amp;q&gt;=l&amp;&amp;(window.onerror=null)};})();&lt;/script&gt;&lt;/head&gt;&lt;body bgcolor="#fff"&gt;&lt;script nonce="94AQyPNjWaTT0FXTcB_eKQ"&gt;(function(){var src='/images/nav_logo229.png';var iesg=false;document.body.onload = function(){window.n &amp;&amp; window.n();if (document.images){new Image().src=src;}
if (!iesg){document.f&amp;&amp;document.f.q.focus();document.gbqf&amp;&amp;document.gbqf.q.focus();}
}
})();&lt;/script&gt;&lt;div id="mngb"&gt;&lt;div id=gbar&gt;&lt;nobr&gt;&lt;b class=gb1&gt;Búsqueda&lt;/b&gt; &lt;a class=gb1 href="https://www.google.com/imghp?hl=es-419&amp;tab=wi"&gt;Imágenes&lt;/a&gt; &lt;a class=gb1 href="https://maps.google.co.cr/maps?hl=es-419&amp;tab=wl"&gt;Maps&lt;/a&gt; &lt;a class=gb1 href="https://play.google.com/?hl=es-419&amp;tab=w8"&gt;Play&lt;/a&gt; &lt;a class=gb1 href="https://www.youtube.com/?tab=w1"&gt;YouTube&lt;/a&gt; &lt;a class=gb1 href="https://news.google.com/?tab=wn"&gt;Noticias&lt;/a&gt; &lt;a class=gb1 href="https://mail.google.com/mail/?tab=wm"&gt;Gmail&lt;/a&gt; &lt;a class=gb1 href="https://drive.google.com/?tab=wo"&gt;Drive&lt;/a&gt; &lt;a class=gb1 style="text-decoration:none" href="https://www.google.co.cr/intl/es-419/about/products?tab=wh"&gt;&lt;u&gt;Más&lt;/u&gt; &amp;raquo;&lt;/a&gt;&lt;/nobr&gt;&lt;/div&gt;&lt;div id=guser width=100%&gt;&lt;nobr&gt;&lt;span id=gbn class=gbi&gt;&lt;/span&gt;&lt;span id=gbf class=gbf&gt;&lt;/span&gt;&lt;span id=gbe&gt;&lt;/span&gt;&lt;a href="http://www.google.co.cr/history/optout?hl=es-419" class=gb4&gt;Historial web&lt;/a&gt; | &lt;a  href="/preferences?hl=es-419" class=gb4&gt;Configuración&lt;/a&gt; | &lt;a target=_top id=gb_70 href="https://accounts.google.com/ServiceLogin?hl=es-419&amp;passive=true&amp;continue=https://www.google.com/%3Fquery-ciao&amp;ec=GAZAAQ" class=gb4&gt;Acceder&lt;/a&gt;&lt;/nobr&gt;&lt;/div&gt;&lt;div class=gbh style=left:0&gt;&lt;/div&gt;&lt;div class=gbh style=right:0&gt;&lt;/div&gt;&lt;/div&gt;&lt;center&gt;&lt;br clear="all" id="lgpd"&gt;&lt;div id="XjhHGf"&gt;&lt;img alt="Google" height="92" src="/images/branding/googlelogo/1x/googlelogo_white_background_color_272x92dp.png" style="padding:28px 0 14px" width="272" id="hplogo"&gt;&lt;br&gt;&lt;br&gt;&lt;/div&gt;&lt;form action="/search" name="f"&gt;&lt;table cellpadding="0" cellspacing="0"&gt;&lt;tr valign="top"&gt;&lt;td width="25%"&gt;&amp;nbsp;&lt;/td&gt;&lt;td align="center" nowrap=""&gt;&lt;input name="ie" value="ISO-8859-1" type="hidden"&gt;&lt;input value="es-419" name="hl" type="hidden"&gt;&lt;input name="source" type="hidden" value="hp"&gt;&lt;input name="biw" type="hidden"&gt;&lt;input name="bih" type="hidden"&gt;&lt;div class="ds" style="height:32px;margin:4px 0"&gt;&lt;input class="lst" style="margin:0;padding:5px 8px 0 6px;vertical-align:top;color:#000" autocomplete="off" value="" title="Buscar con Google" maxlength="2048" name="q" size="57"&gt;&lt;/div&gt;&lt;br style="line-height:0"&gt;&lt;span class="ds"&gt;&lt;span class="lsbb"&gt;&lt;input class="lsb" value="Buscar con Google" name="btnG" type="submit"&gt;&lt;/span&gt;&lt;/span&gt;&lt;span class="ds"&gt;&lt;span class="lsbb"&gt;&lt;input class="lsb" id="tsuid_1" value="Voy a tener suerte" name="btnI" type="s... (set the log level to DEBUG or TRACE to see the full content) 
 </msg>
<arg>${BASE_URL}</arg>
<arg>params=query-ciao</arg>
<arg>expected_status=200</arg>
<doc>Sends a GET request.</doc>
<status status="PASS" start="2024-11-10T22:57:17.366272" elapsed="0.260330"/>
</kw>
<kw name="Log Test Success">
<kw name="Log" owner="BuiltIn">
<msg time="2024-11-10T22:57:17.628113" level="INFO">La prueba funciono</msg>
<arg>La prueba funciono</arg>
<doc>Logs the given message with the given level.</doc>
<status status="PASS" start="2024-11-10T22:57:17.628113" elapsed="0.000000"/>
</kw>
<status status="PASS" start="2024-11-10T22:57:17.628113" elapsed="0.000000"/>
</kw>
<status status="PASS" start="2024-11-10T22:57:17.365270" elapsed="0.262843"/>
</test>
<test id="s1-t2" name="Google Test 2" line="21">
<kw name="GET" owner="RequestsLibrary">
<msg time="2024-11-10T22:57:17.858246" level="INFO">GET Request : url=https://www.google.com/?query-ciao 
 path_url=/?query-ciao 
 headers={'User-Agent': 'python-requests/2.32.3', 'Accept-Encoding': 'gzip, deflate', 'Accept': '*/*', 'Connection': 'keep-alive'} 
 body=None 
 </msg>
<msg time="2024-11-10T22:57:17.858246" level="INFO">GET Response : url=https://www.google.com/?query-ciao 
 status=200, reason=OK 
 headers={'Date': 'Mon, 11 Nov 2024 04:57:25 GMT', 'Expires': '-1', 'Cache-Control': 'private, max-age=0', 'Content-Type': 'text/html; charset=ISO-8859-1', 'Content-Security-Policy-Report-Only': "object-src 'none';base-uri 'self';script-src 'nonce-VjFv85PaKKfiulO8bd3eHQ' 'strict-dynamic' 'report-sample' 'unsafe-eval' 'unsafe-inline' https: http:;report-uri https://csp.withgoogle.com/csp/gws/other-hp", 'Accept-CH': 'Sec-CH-Prefers-Color-Scheme', 'P3P': 'CP="This is not a P3P policy! See g.co/p3phelp for more info."', 'Content-Encoding': 'gzip', 'Server': 'gws', 'X-XSS-Protection': '0', 'X-Frame-Options': 'SAMEORIGIN', 'Set-Cookie': 'AEC=AZ6Zc-XAI65Mn5zwausTDEjNQe7t2k_j7I20tigIIAD7JMhVwSJA9k8XAg; expires=Sat, 10-May-2025 04:57:25 GMT; path=/; domain=.google.com; Secure; HttpOnly; SameSite=lax, NID=519=bfD1snxf1M6kprjGAUxAVNs7lLTSkRnXNrnNPpOhcI7bVF3tIg3TimVpb5RjJvaEo8a4RspjvTGyoQWvg2H5HYvgpldgbeWRT3I9qWRQo8mijwY0CTzW0jK25LANyWfcPvnU0fEZ4ChujGL6Nw1EbkzBM5aikIPkNE4I23K7MckkyccWFKcHcIIbtHP_A_hLkpk; expires=Tue, 13-May-2025 04:57:25 GMT; path=/; domain=.google.com; HttpOnly', 'Alt-Svc': 'h3=":443"; ma=2592000,h3-29=":443"; ma=2592000', 'Transfer-Encoding': 'chunked'} 
 body=&lt;!doctype html&gt;&lt;html itemscope="" itemtype="http://schema.org/WebPage" lang="es-419"&gt;&lt;head&gt;&lt;meta content="text/html; charset=UTF-8" http-equiv="Content-Type"&gt;&lt;meta content="/images/branding/googleg/1x/googleg_standard_color_128dp.png" itemprop="image"&gt;&lt;title&gt;Google&lt;/title&gt;&lt;script nonce="VjFv85PaKKfiulO8bd3eHQ"&gt;(function(){var _g={kEI:'tY4xZ8iZMOKdwbkPsvuAuAE',kEXPI:'0,18168,3682116,1100,538661,2872,2891,8349,34679,30022,6397,346349,8155,23350,22436,9779,12414,50243,76209,15816,1804,7763,6597,32722,1632,13496,15783,21780,5208500,10499,115,8832397,1490,2,235,6,6,13,17,19,2,4,1,6,1,10,1,6,1,6,10,2,23935486,4043709,16673,2169858,23029351,7950,1,4848,19164,27215,4817,5,26815,22465,11640,10982,15165,8181,17877,31553,9235,12436,6753,2639,21239,9139,3077,1523,328,4459,1766,23380,1,6,978,3625,5633,687,6592,9673,3634,9955,1347,13702,14292,1343,14378,1523,1910,8193,4372,797,16870,10669,10901,1888,597,93,1709,933,381,4547,350,2884,3722,1677,41,11882,865,313,579,1,1616,2503,242,591,178,2336,4,636,1,34,2705,89,213,266,1,200,986,443,1,3164,2,2404,2014,1301,3653,1,6,3856,707,374,490,9,1825,346,3,2209,540,728,386,1961,266,895,3,7,147,1339,195,40,1506,241,171,282,61,1755,1854,808,29,685,129,2631,2,948,411,1779,602,21,4,2,50,69,1953,2,379,1884,210,1044,642,3,383,369,22,265,17,701,527,1359,372,514,95,34,386,199,122,249,502,509,110,338,198,131,1200,145,52,1151,583,213,1058,5,4,4,4,503,184,1610,810,30,2,430,115,334,721,2601,161,186,447,219,362,28,287,476,1,1564,26,892,79,989,41,1250,2999,570,1513,3,331,89,46,338,524,2,1663,91,21026336,380114,3,16997,18,218,1786,1478,877,5968,884,313',kBL:'OLV0',kOPI:89978449};(function(){var a;((a=window.google)==null?0:a.stvsc)?google.kEI=_g.kEI:window.google=_g;}).call(this);})();(function(){google.sn='webhp';google.kHL='es-419';})();(function(){
var h=this||self;function l(){return window.google!==void 0&amp;&amp;window.google.kOPI!==void 0&amp;&amp;window.google.kOPI!==0?window.google.kOPI:null};var m,n=[];function p(a){for(var b;a&amp;&amp;(!a.getAttribute||!(b=a.getAttribute("eid")));)a=a.parentNode;return b||m}function q(a){for(var b=null;a&amp;&amp;(!a.getAttribute||!(b=a.getAttribute("leid")));)a=a.parentNode;return b}function r(a){/^http:/i.test(a)&amp;&amp;window.location.protocol==="https:"&amp;&amp;(google.ml&amp;&amp;google.ml(Error("a"),!1,{src:a,glmm:1}),a="");return a}
function t(a,b,c,d,k){var e="";b.search("&amp;ei=")===-1&amp;&amp;(e="&amp;ei="+p(d),b.search("&amp;lei=")===-1&amp;&amp;(d=q(d))&amp;&amp;(e+="&amp;lei="+d));d="";var g=b.search("&amp;cshid=")===-1&amp;&amp;a!=="slh",f=[];f.push(["zx",Date.now().toString()]);h._cshid&amp;&amp;g&amp;&amp;f.push(["cshid",h._cshid]);c=c();c!=null&amp;&amp;f.push(["opi",c.toString()]);for(c=0;c&lt;f.length;c++){if(c===0||c&gt;0)d+="&amp;";d+=f[c][0]+"="+f[c][1]}return"/"+(k||"gen_204")+"?atyp=i&amp;ct="+String(a)+"&amp;cad="+(b+e+d)};m=google.kEI;google.getEI=p;google.getLEI=q;google.ml=function(){return null};google.log=function(a,b,c,d,k,e){e=e===void 0?l:e;c||(c=t(a,b,e,d,k));if(c=r(c)){a=new Image;var g=n.length;n[g]=a;a.onerror=a.onload=a.onabort=function(){delete n[g]};a.src=c}};google.logUrl=function(a,b){b=b===void 0?l:b;return t("",a,b)};}).call(this);(function(){google.y={};google.sy=[];var d;(d=google).x||(d.x=function(a,b){if(a)var c=a.id;else{do c=Math.random();while(google.y[c])}google.y[c]=[a,b];return!1});var e;(e=google).sx||(e.sx=function(a){google.sy.push(a)});google.lm=[];var f;(f=google).plm||(f.plm=function(a){google.lm.push.apply(google.lm,a)});google.lq=[];var g;(g=google).load||(g.load=function(a,b,c){google.lq.push([[a],b,c])});var h;(h=google).loadAll||(h.loadAll=function(a,b){google.lq.push([a,b])});google.bx=!1;var k;(k=google).lx||(k.lx=function(){});var l=[],m;(m=google).fce||(m.fce=function(a,b,c,n){l.push([a,b,c,n])});google.qce=l;}).call(this);google.f={};(function(){
document.documentElement.addEventListener("submit",function(b){var a;if(a=b.target){var c=a.getAttribute("data-submitfalse");a=c==="1"||c==="q"&amp;&amp;!a.elements.q.value?!0:!1}else a=!1;a&amp;&amp;(b.preventDefault(),b.stopPropagation())},!0);document.documentElement.addEventListener("click",function(b){var a;a:{for(a=b.target;a&amp;&amp;a!==document.documentElement;a=a.parentElement)if(a.tagName==="A"){a=a.getAttribute("data-nohref")==="1";break a}a=!1}a&amp;&amp;b.preventDefault()},!0);}).call(this);&lt;/script&gt;&lt;style&gt;#gbar,#guser{font-size:13px;padding-top:1px !important;}#gbar{height:22px}#guser{padding-bottom:7px !important;text-align:right}.gbh,.gbd{border-top:1px solid #c9d7f1;font-size:1px}.gbh{height:0;position:absolute;top:24px;width:100%}@media all{.gb1{height:22px;margin-right:.5em;vertical-align:top}#gbar{float:left}}a.gb1,a.gb4{text-decoration:underline !important}a.gb1,a.gb4{color:#00c !important}.gbi .gb4{color:#dd8e27 !important}.gbf .gb4{color:#900 !important}
&lt;/style&gt;&lt;style&gt;body,td,a,p,.h{font-family:arial,sans-serif}body{margin:0;overflow-y:scroll}#gog{padding:3px 8px 0}td{line-height:.8em}.gac_m td{line-height:17px}form{margin-bottom:20px}.h{color:#1967d2}em{font-weight:bold;font-style:normal}.lst{height:25px;width:496px}.gsfi,.lst{font:18px arial,sans-serif}.gsfs{font:17px arial,sans-serif}.ds{display:inline-box;display:inline-block;margin:3px 0 4px;margin-left:4px}input{font-family:inherit}body{background:#fff;color:#000}a{color:#681da8;text-decoration:none}a:hover,a:active{text-decoration:underline}.fl a{color:#1967d2}a:visited{color:#681da8}.sblc{padding-top:5px}.sblc a{display:block;margin:2px 0;margin-left:13px;font-size:11px}.lsbb{background:#f8f9fa;border:solid 1px;border-color:#dadce0 #70757a #70757a #dadce0;height:30px}.lsbb{display:block}#WqQANb a{display:inline-block;margin:0 12px}.lsb{background:url(/images/nav_logo229.png) 0 -261px repeat-x;color:#000;border:none;cursor:pointer;height:30px;margin:0;outline:0;font:15px arial,sans-serif;vertical-align:top}.lsb:active{background:#dadce0}.lst:focus{outline:none}&lt;/style&gt;&lt;script nonce="VjFv85PaKKfiulO8bd3eHQ"&gt;(function(){window.google.erd={jsr:1,bv:2113,de:true,dpf:'51ieTwQk8tFmcEAjnt2wUI59_8UaeNFbK-eFFFrO6lg'};
var g=this||self;var k,l=(k=g.mei)!=null?k:1,n,p=(n=g.sdo)!=null?n:!0,q=0,r,t=google.erd,v=t.jsr;google.ml=function(a,b,d,m,e){e=e===void 0?2:e;b&amp;&amp;(r=a&amp;&amp;a.message);d===void 0&amp;&amp;(d={});d.cad="ple_"+google.ple+".aple_"+google.aple;if(google.dl)return google.dl(a,e,d,!0),null;b=d;if(v&lt;0){window.console&amp;&amp;console.error(a,b);if(v===-2)throw a;b=!1}else b=!a||!a.message||a.message==="Error loading script"||q&gt;=l&amp;&amp;!m?!1:!0;if(!b)return null;q++;d=d||{};b=encodeURIComponent;var c="/gen_204?atyp=i&amp;ei="+b(google.kEI);google.kEXPI&amp;&amp;(c+="&amp;jexpid="+b(google.kEXPI));c+="&amp;srcpg="+b(google.sn)+"&amp;jsr="+b(t.jsr)+
"&amp;bver="+b(t.bv);t.dpf&amp;&amp;(c+="&amp;dpf="+b(t.dpf));var f=a.lineNumber;f!==void 0&amp;&amp;(c+="&amp;line="+f);var h=a.fileName;h&amp;&amp;(h.indexOf("-extension:/")&gt;0&amp;&amp;(e=3),c+="&amp;script="+b(h),f&amp;&amp;h===window.location.href&amp;&amp;(f=document.documentElement.outerHTML.split("\n")[f],c+="&amp;cad="+b(f?f.substring(0,300):"No script found.")));google.ple&amp;&amp;google.ple===1&amp;&amp;(e=2);c+="&amp;jsel="+e;for(var u in d)c+="&amp;",c+=b(u),c+="=",c+=b(d[u]);c=c+"&amp;emsg="+b(a.name+": "+a.message);c=c+"&amp;jsst="+b(a.stack||"N/A");c.length&gt;=12288&amp;&amp;(c=c.substr(0,12288));a=c;m||google.log(0,"",a);return a};window.onerror=function(a,b,d,m,e){r!==a&amp;&amp;(a=e instanceof Error?e:Error(a),d===void 0||"lineNumber"in a||(a.lineNumber=d),b===void 0||"fileName"in a||(a.fileName=b),google.ml(a,!1,void 0,!1,a.name==="SyntaxError"||a.message.substring(0,11)==="SyntaxError"||a.message.indexOf("Script error")!==-1?3:0));r=null;p&amp;&amp;q&gt;=l&amp;&amp;(window.onerror=null)};})();&lt;/script&gt;&lt;/head&gt;&lt;body bgcolor="#fff"&gt;&lt;script nonce="VjFv85PaKKfiulO8bd3eHQ"&gt;(function(){var src='/images/nav_logo229.png';var iesg=false;document.body.onload = function(){window.n &amp;&amp; window.n();if (document.images){new Image().src=src;}
if (!iesg){document.f&amp;&amp;document.f.q.focus();document.gbqf&amp;&amp;document.gbqf.q.focus();}
}
})();&lt;/script&gt;&lt;div id="mngb"&gt;&lt;div id=gbar&gt;&lt;nobr&gt;&lt;b class=gb1&gt;Búsqueda&lt;/b&gt; &lt;a class=gb1 href="https://www.google.com/imghp?hl=es-419&amp;tab=wi"&gt;Imágenes&lt;/a&gt; &lt;a class=gb1 href="https://maps.google.co.cr/maps?hl=es-419&amp;tab=wl"&gt;Maps&lt;/a&gt; &lt;a class=gb1 href="https://play.google.com/?hl=es-419&amp;tab=w8"&gt;Play&lt;/a&gt; &lt;a class=gb1 href="https://www.youtube.com/?tab=w1"&gt;YouTube&lt;/a&gt; &lt;a class=gb1 href="https://news.google.com/?tab=wn"&gt;Noticias&lt;/a&gt; &lt;a class=gb1 href="https://mail.google.com/mail/?tab=wm"&gt;Gmail&lt;/a&gt; &lt;a class=gb1 href="https://drive.google.com/?tab=wo"&gt;Drive&lt;/a&gt; &lt;a class=gb1 style="text-decoration:none" href="https://www.google.co.cr/intl/es-419/about/products?tab=wh"&gt;&lt;u&gt;Más&lt;/u&gt; &amp;raquo;&lt;/a&gt;&lt;/nobr&gt;&lt;/div&gt;&lt;div id=guser width=100%&gt;&lt;nobr&gt;&lt;span id=gbn class=gbi&gt;&lt;/span&gt;&lt;span id=gbf class=gbf&gt;&lt;/span&gt;&lt;span id=gbe&gt;&lt;/span&gt;&lt;a href="http://www.google.co.cr/history/optout?hl=es-419" class=gb4&gt;Historial web&lt;/a&gt; | &lt;a  href="/preferences?hl=es-419" class=gb4&gt;Configuración&lt;/a&gt; | &lt;a target=_top id=gb_70 href="https://accounts.google.com/ServiceLogin?hl=es-419&amp;passive=true&amp;continue=https://www.google.com/%3Fquery-ciao&amp;ec=GAZAAQ" class=gb4&gt;Acceder&lt;/a&gt;&lt;/nobr&gt;&lt;/div&gt;&lt;div class=gbh style=left:0&gt;&lt;/div&gt;&lt;div class=gbh style=right:0&gt;&lt;/div&gt;&lt;/div&gt;&lt;center&gt;&lt;br clear="all" id="lgpd"&gt;&lt;div id="XjhHGf"&gt;&lt;img alt="Google" height="92" src="/images/branding/googlelogo/1x/googlelogo_white_background_color_272x92dp.png" style="padding:28px 0 14px" width="272" id="hplogo"&gt;&lt;br&gt;&lt;br&gt;&lt;/div&gt;&lt;form action="/search" name="f"&gt;&lt;table cellpadding="0" cellspacing="0"&gt;&lt;tr valign="top"&gt;&lt;td width="25%"&gt;&amp;nbsp;&lt;/td&gt;&lt;td align="center" nowrap=""&gt;&lt;input name="ie" value="ISO-8859-1" type="hidden"&gt;&lt;input value="es-419" name="hl" type="hidden"&gt;&lt;input name="source" type="hidden" value="hp"&gt;&lt;input name="biw" type="hidden"&gt;&lt;input name="bih" type="hidden"&gt;&lt;div class="ds" style="height:32px;margin:4px 0"&gt;&lt;input class="lst" style="margin:0;padding:5px 8px 0 6px;vertical-align:top;color:#000" autocomplete="off" value="" title="Buscar con Google" maxlength="2048" name="q" size="57"&gt;&lt;/div&gt;&lt;br style="line-height:0"&gt;&lt;span class="ds"&gt;&lt;span class="lsbb"&gt;&lt;input class="lsb" value="Buscar con Google" name="btnG" type="submit"&gt;&lt;/span&gt;&lt;/span&gt;&lt;span class="ds"&gt;&lt;span class="lsbb"&gt;&lt;input class="lsb" id="tsuid_1" value="Voy a tener suerte" name="b... (set the log level to DEBUG or TRACE to see the full content) 
 </msg>
<arg>${BASE_URL}</arg>
<arg>params=query-ciao</arg>
<arg>expected_status=200</arg>
<doc>Sends a GET request.</doc>
<status status="PASS" start="2024-11-10T22:57:17.629117" elapsed="0.230226"/>
</kw>
<status status="PASS" start="2024-11-10T22:57:17.629117" elapsed="0.230226"/>
</test>
<test id="s1-t3" name="DemoNOP Test 1" line="24">
<kw name="Open Browser" owner="SeleniumLibrary">
<msg time="2024-11-10T22:57:17.860344" level="INFO">Opening browser 'chrome' to base url 'https://www.nopcommerce.com/'.</msg>
<arg>${DEMO_NOP}</arg>
<arg>chrome</arg>
<doc>Opens a new browser instance to the optional ``url``.</doc>
<status status="PASS" start="2024-11-10T22:57:17.860344" elapsed="2.235161"/>
</kw>
<status status="PASS" start="2024-11-10T22:57:17.859343" elapsed="2.236162"/>
</test>
<doc>Test for robot</doc>
<status status="PASS" start="2024-11-10T22:57:16.914343" elapsed="3.182167"/>
</suite>
<statistics>
<total>
<stat pass="3" fail="0" skip="0">All Tests</stat>
</total>
<tag>
</tag>
<suite>
<stat pass="3" fail="0" skip="0" id="s1" name="TC1">TC1</stat>
</suite>
</statistics>
<errors>
</errors>
</robot>
